<?xml version="1.0" encoding="UTF-8"?>
<testsuite name="Scenario: To check view Seats function" tests="6" skipped="0" failures="0" errors="0" timestamp="2022-05-23T15:54:20" hostname="MAHENDRA-LAPTOP" time="14.781">
  <properties/>
  <testcase name="Given User launch the browser and enter red bus url" classname="Scenario: To check view Seats function" time="0.003"/>
  <testcase name="When User enter from and to station" classname="Scenario: To check view Seats function" time="0.0"/>
  <testcase name="And User enter date" classname="Scenario: To check view Seats function" time="0.0"/>
  <testcase name="And User click on search buses button" classname="Scenario: To check view Seats function" time="0.0"/>
  <testcase name="Then User verify bus availability" classname="Scenario: To check view Seats function" time="0.0"/>
  <testcase name="classMethod" classname="Scenario: To check view Seats function" time="24.272"/>
  <system-out><![CDATA[]]></system-out>
  <system-err><![CDATA[SLF4J: Failed to load class "org.slf4j.impl.StaticLoggerBinder".
SLF4J: Defaulting to no-operation (NOP) logger implementation
SLF4J: See http://www.slf4j.org/codes.html#StaticLoggerBinder for further details.
Starting ChromeDriver 100.0.4896.60 (6a5d10861ce8de5fce22564658033b43cb7de047-refs/branch-heads/4896@{#875}) on port 56257
Only local connections are allowed.
Please see https://chromedriver.chromium.org/security-considerations for suggestions on keeping ChromeDriver safe.
ChromeDriver was started successfully.
[1653321256.630][WARNING]: This version of ChromeDriver has not been tested with Chrome version 101.
May 23, 2022 9:24:17 PM org.openqa.selenium.remote.ProtocolHandshake createSession
INFO: Detected dialect: W3C
May 23, 2022 9:24:17 PM org.openqa.selenium.devtools.CdpVersionFinder findNearestMatch
WARNING: Unable to find an exact match for CDP version 101, so returning the closest version found: a no-op implementation
May 23, 2022 9:24:17 PM org.openqa.selenium.devtools.CdpVersionFinder findNearestMatch
INFO: Unable to find CDP implementation matching 101.
May 23, 2022 9:24:17 PM org.openqa.selenium.chromium.ChromiumDriver lambda$new$3
WARNING: Unable to find version of CDP to use for . You may need to include a dependency on a specific version of the CDP using something similar to `org.seleniumhq.selenium:selenium-devtools-v86:4.1.1` where the version ("v86") matches the version of the chromium-based browser you're using and the version number of the artifact is the same as Selenium's.
]]></system-err>
</testsuite>
